{
  "RSpec": {
    "coverage": {
      "/Users/mnguyen916/Dropbox/Matt Nguyen/Code/Rails/projects/clonecamp/config/routes.rb": [
        1,
        1,
        null,
        1,
        1,
        null,
        null,
        1,
        1,
        null,
        null,
        1,
        null,
        1,
        null,
        1,
        1,
        1,
        null,
        null,
        null,
        null,
        null,
        null,
        null,
        null,
        null,
        null,
        null,
        null,
        null,
        null,
        null,
        null,
        null,
        null,
        null,
        null,
        null,
        null,
        null,
        null,
        null,
        null,
        null,
        null,
        null,
        null,
        null,
        null,
        null,
        null,
        null,
        null,
        null,
        null,
        null,
        null,
        null,
        null,
        null,
        null,
        null,
        null,
        null,
        null,
        null,
        null,
        null,
        null,
        null,
        null,
        null,
        null,
        null,
        null,
        null
      ],
      "/Users/mnguyen916/Dropbox/Matt Nguyen/Code/Rails/projects/clonecamp/app/controllers/application_controller.rb": [
        1,
        1,
        null
      ],
      "/Users/mnguyen916/Dropbox/Matt Nguyen/Code/Rails/projects/clonecamp/app/controllers/lists_controller.rb": [
        1,
        1,
        1,
        0,
        0,
        0,
        0,
        0,
        null,
        null,
        0,
        0,
        0,
        null,
        null,
        null,
        null,
        1,
        0,
        null,
        null,
        1,
        0,
        null,
        null,
        1,
        null,
        1,
        0,
        null,
        null
      ],
      "/Users/mnguyen916/Dropbox/Matt Nguyen/Code/Rails/projects/clonecamp/app/controllers/projects_controller.rb": [
        1,
        1,
        1,
        null,
        1,
        0,
        null,
        null,
        1,
        0,
        null,
        null,
        1,
        null,
        null,
        null,
        1,
        null,
        null,
        1,
        0,
        0,
        null,
        0,
        null,
        null,
        null,
        1,
        0,
        null,
        0,
        0,
        0,
        null,
        0,
        0,
        null,
        null,
        null,
        1,
        null,
        1,
        0,
        null,
        null
      ],
      "/Users/mnguyen916/Dropbox/Matt Nguyen/Code/Rails/projects/clonecamp/app/controllers/static_pages_controller.rb": [
        1,
        1,
        null,
        null
      ],
      "/Users/mnguyen916/Dropbox/Matt Nguyen/Code/Rails/projects/clonecamp/app/controllers/tasks_controller.rb": [
        1,
        null
      ],
      "/Users/mnguyen916/Dropbox/Matt Nguyen/Code/Rails/projects/clonecamp/app/helpers/application_helper.rb": [
        1,
        null
      ],
      "/Users/mnguyen916/Dropbox/Matt Nguyen/Code/Rails/projects/clonecamp/app/helpers/lists_helper.rb": [
        1,
        null
      ],
      "/Users/mnguyen916/Dropbox/Matt Nguyen/Code/Rails/projects/clonecamp/app/helpers/projects_helper.rb": [
        1,
        1,
        0,
        null,
        null
      ],
      "/Users/mnguyen916/Dropbox/Matt Nguyen/Code/Rails/projects/clonecamp/app/helpers/static_pages_helper.rb": [
        1,
        null
      ],
      "/Users/mnguyen916/Dropbox/Matt Nguyen/Code/Rails/projects/clonecamp/app/helpers/tasks_helper.rb": [
        1,
        null
      ],
      "/Users/mnguyen916/Dropbox/Matt Nguyen/Code/Rails/projects/clonecamp/app/models/list.rb": [
        1,
        1,
        1,
        1,
        null,
        1,
        null
      ],
      "/Users/mnguyen916/Dropbox/Matt Nguyen/Code/Rails/projects/clonecamp/app/models/project.rb": [
        1,
        1,
        1,
        1,
        null,
        1,
        null
      ],
      "/Users/mnguyen916/Dropbox/Matt Nguyen/Code/Rails/projects/clonecamp/app/models/task.rb": [
        1,
        1,
        null,
        1,
        null,
        1,
        null
      ],
      "/Users/mnguyen916/Dropbox/Matt Nguyen/Code/Rails/projects/clonecamp/app/models/user.rb": [
        1,
        null,
        null,
        null,
        1,
        null,
        null,
        null,
        1,
        null,
        null,
        1,
        null
      ],
      "/Users/mnguyen916/Dropbox/Matt Nguyen/Code/Rails/projects/clonecamp/spec/controllers/projects_controller_spec.rb": [
        1,
        null,
        1,
        null,
        null
      ],
      "/Users/mnguyen916/Dropbox/Matt Nguyen/Code/Rails/projects/clonecamp/spec/controllers/static_pages_controller_spec.rb": [
        1,
        null,
        1,
        null,
        null
      ],
      "/Users/mnguyen916/Dropbox/Matt Nguyen/Code/Rails/projects/clonecamp/spec/controllers/tasks_controller_spec.rb": [
        1,
        null,
        1,
        null,
        null
      ],
      "/Users/mnguyen916/Dropbox/Matt Nguyen/Code/Rails/projects/clonecamp/spec/helpers/lists_helper_spec.rb": [
        1
      ],
      "/Users/mnguyen916/Dropbox/Matt Nguyen/Code/Rails/projects/clonecamp/spec/helpers/projects_helper_spec.rb": [
        1,
        null,
        null,
        null,
        null,
        null,
        null,
        null,
        null,
        null,
        null,
        null
      ],
      "/Users/mnguyen916/Dropbox/Matt Nguyen/Code/Rails/projects/clonecamp/spec/helpers/static_pages_helper_spec.rb": [
        1
      ],
      "/Users/mnguyen916/Dropbox/Matt Nguyen/Code/Rails/projects/clonecamp/spec/helpers/tasks_helper_spec.rb": [
        1
      ],
      "/Users/mnguyen916/Dropbox/Matt Nguyen/Code/Rails/projects/clonecamp/spec/models/list_spec.rb": [
        1,
        null,
        1,
        1,
        3,
        3,
        null,
        null,
        4,
        null,
        2,
        2,
        null,
        1,
        2,
        2,
        null,
        null,
        null,
        null
      ],
      "/Users/mnguyen916/Dropbox/Matt Nguyen/Code/Rails/projects/clonecamp/spec/models/project_spec.rb": [
        1,
        null,
        1,
        1,
        1,
        1,
        null,
        null,
        1,
        2,
        2,
        null,
        null,
        null
      ],
      "/Users/mnguyen916/Dropbox/Matt Nguyen/Code/Rails/projects/clonecamp/spec/models/task_spec.rb": [
        1,
        null,
        1,
        1,
        4,
        4,
        4,
        null,
        null,
        5,
        null,
        2,
        2,
        2,
        null,
        1,
        2,
        2,
        null,
        null
      ],
      "/Users/mnguyen916/Dropbox/Matt Nguyen/Code/Rails/projects/clonecamp/spec/models/user_spec.rb": [
        1,
        null,
        1,
        1,
        1,
        null,
        null,
        1,
        1,
        1,
        null,
        2,
        null,
        2,
        null,
        null
      ],
      "/Users/mnguyen916/Dropbox/Matt Nguyen/Code/Rails/projects/clonecamp/spec/views/projects/index.html.haml_spec.rb": [
        1,
        null,
        1,
        1,
        null
      ]
    },
    "timestamp": 1343935368
  }
}
